# JRE version: OpenJDK Runtime Environment (11.0.6+8) (build 11.0.6+8-b520.43)
# Java VM: OpenJDK 64-Bit Server VM (11.0.6+8-b520.43, mixed mode, sharing, tiered, compressed oops, g1 gc, windows-amd64)
Heap:
 garbage-first heap   total 227328K, used 108835K [0x0000000081600000, 0x0000000100000000)
  region size 1024K, 70 young (71680K), 8 survivors (8192K)
 Metaspace       used 76491K, capacity 78650K, committed 78876K, reserved 1118208K
  class space    used 9899K, capacity 10786K, committed 10824K, reserved 1048576K
GC Heap History (20 events):
Event: 7.403 GC heap before
{Heap before GC invocations=8 (full 0):
 garbage-first heap   total 157696K, used 104123K [0x0000000081600000, 0x0000000100000000)
  region size 1024K, 92 young (94208K), 9 survivors (9216K)
 Metaspace       used 28618K, capacity 29728K, committed 29948K, reserved 1075200K
  class space    used 3575K, capacity 4007K, committed 4092K, reserved 1048576K
}
Event: 7.417 GC heap after
{Heap after GC invocations=9 (full 0):
 garbage-first heap   total 157696K, used 20728K [0x0000000081600000, 0x0000000100000000)
  region size 1024K, 7 young (7168K), 7 survivors (7168K)
 Metaspace       used 28618K, capacity 29728K, committed 29948K, reserved 1075200K
  class space    used 3575K, capacity 4007K, committed 4092K, reserved 1048576K
}
Event: 8.463 GC heap before
{Heap before GC invocations=9 (full 0):
 garbage-first heap   total 157696K, used 62712K [0x0000000081600000, 0x0000000100000000)
  region size 1024K, 49 young (50176K), 7 survivors (7168K)
 Metaspace       used 34756K, capacity 35956K, committed 36048K, reserved 1081344K
  class space    used 4323K, capacity 4826K, committed 4860K, reserved 1048576K
}
Event: 8.476 GC heap after
{Heap after GC invocations=10 (full 0):
 garbage-first heap   total 157696K, used 24066K [0x0000000081600000, 0x0000000100000000)
  region size 1024K, 9 young (9216K), 9 survivors (9216K)
 Metaspace       used 34756K, capacity 35956K, committed 36048K, reserved 1081344K
  class space    used 4323K, capacity 4826K, committed 4860K, reserved 1048576K
}
Event: 10.469 GC heap before
{Heap before GC invocations=11 (full 0):
 garbage-first heap   total 157696K, used 109058K [0x0000000081600000, 0x0000000100000000)
  region size 1024K, 92 young (94208K), 9 survivors (9216K)
 Metaspace       used 49121K, capacity 50510K, committed 50844K, reserved 1093632K
  class space    used 6472K, capacity 7022K, committed 7112K, reserved 1048576K
}
Event: 10.502 GC heap after
{Heap after GC invocations=12 (full 0):
 garbage-first heap   total 189440K, used 29620K [0x0000000081600000, 0x0000000100000000)
  region size 1024K, 10 young (10240K), 10 survivors (10240K)
 Metaspace       used 49121K, capacity 50510K, committed 50844K, reserved 1093632K
  class space    used 6472K, capacity 7022K, committed 7112K, reserved 1048576K
}
Event: 12.953 GC heap before
{Heap before GC invocations=13 (full 0):
 garbage-first heap   total 189440K, used 127924K [0x0000000081600000, 0x0000000100000000)
  region size 1024K, 106 young (108544K), 10 survivors (10240K)
 Metaspace       used 61531K, capacity 63260K, committed 63388K, reserved 1103872K
  class space    used 8136K, capacity 8824K, committed 8904K, reserved 1048576K
}
Event: 12.970 GC heap after
{Heap after GC invocations=14 (full 0):
 garbage-first heap   total 189440K, used 34742K [0x0000000081600000, 0x0000000100000000)
  region size 1024K, 11 young (11264K), 11 survivors (11264K)
 Metaspace       used 61531K, capacity 63260K, committed 63388K, reserved 1103872K
  class space    used 8136K, capacity 8824K, committed 8904K, reserved 1048576K
}
Event: 14.632 GC heap before
{Heap before GC invocations=14 (full 0):
 garbage-first heap   total 189440K, used 138166K [0x0000000081600000, 0x0000000100000000)
  region size 1024K, 111 young (113664K), 11 survivors (11264K)
 Metaspace       used 66840K, capacity 68788K, committed 69020K, reserved 1107968K
  class space    used 8805K, capacity 9581K, committed 9672K, reserved 1048576K
}
Event: 14.655 GC heap after
{Heap after GC invocations=15 (full 0):
 garbage-first heap   total 189440K, used 44965K [0x0000000081600000, 0x0000000100000000)
  region size 1024K, 14 young (14336K), 14 survivors (14336K)
 Metaspace       used 66840K, capacity 68788K, committed 69020K, reserved 1107968K
  class space    used 8805K, capacity 9581K, committed 9672K, reserved 1048576K
}
Event: 15.081 GC heap before
{Heap before GC invocations=15 (full 0):
 garbage-first heap   total 189440K, used 143269K [0x0000000081600000, 0x0000000100000000)
  region size 1024K, 110 young (112640K), 14 survivors (14336K)
 Metaspace       used 67090K, capacity 69021K, committed 69276K, reserved 1110016K
  class space    used 8818K, capacity 9616K, committed 9672K, reserved 1048576K
}
Event: 15.105 GC heap after
{Heap after GC invocations=16 (full 0):
 garbage-first heap   total 189440K, used 48658K [0x0000000081600000, 0x0000000100000000)
  region size 1024K, 10 young (10240K), 10 survivors (10240K)
 Metaspace       used 67090K, capacity 69021K, committed 69276K, reserved 1110016K
  class space    used 8818K, capacity 9616K, committed 9672K, reserved 1048576K
}
Event: 50.070 GC heap before
{Heap before GC invocations=16 (full 0):
 garbage-first heap   total 189440K, used 142866K [0x0000000081600000, 0x0000000100000000)
  region size 1024K, 102 young (104448K), 10 survivors (10240K)
 Metaspace       used 74570K, capacity 76702K, committed 76828K, reserved 1116160K
  class space    used 9715K, capacity 10548K, committed 10568K, reserved 1048576K
}
Event: 50.084 GC heap after
{Heap after GC invocations=17 (full 0):
 garbage-first heap   total 227328K, used 44533K [0x0000000081600000, 0x0000000100000000)
  region size 1024K, 5 young (5120K), 5 survivors (5120K)
 Metaspace       used 74570K, capacity 76702K, committed 76828K, reserved 1116160K
  class space    used 9715K, capacity 10548K, committed 10568K, reserved 1048576K
}
Event: 16706.967 GC heap before
{Heap before GC invocations=17 (full 0):
 garbage-first heap   total 227328K, used 160245K [0x0000000081600000, 0x0000000100000000)
  region size 1024K, 119 young (121856K), 5 survivors (5120K)
 Metaspace       used 76416K, capacity 78650K, committed 78876K, reserved 1118208K
  class space    used 9899K, capacity 10786K, committed 10824K, reserved 1048576K
}
Event: 16706.975 GC heap after
{Heap after GC invocations=18 (full 0):
 garbage-first heap   total 227328K, used 48023K [0x0000000081600000, 0x0000000100000000)
  region size 1024K, 9 young (9216K), 9 survivors (9216K)
 Metaspace       used 76416K, capacity 78650K, committed 78876K, reserved 1118208K
  class space    used 9899K, capacity 10786K, committed 10824K, reserved 1048576K
}
Event: 17322.820 GC heap before
{Heap before GC invocations=18 (full 0):
 garbage-first heap   total 227328K, used 167831K [0x0000000081600000, 0x0000000100000000)
  region size 1024K, 126 young (129024K), 9 survivors (9216K)
 Metaspace       used 76435K, capacity 78650K, committed 78876K, reserved 1118208K
  class space    used 9899K, capacity 10786K, committed 10824K, reserved 1048576K
}
Event: 17322.826 GC heap after
{Heap after GC invocations=19 (full 0):
 garbage-first heap   total 227328K, used 47767K [0x0000000081600000, 0x0000000100000000)
  region size 1024K, 9 young (9216K), 9 survivors (9216K)
 Metaspace       used 76435K, capacity 78650K, committed 78876K, reserved 1118208K
  class space    used 9899K, capacity 10786K, committed 10824K, reserved 1048576K
}
Event: 17968.380 GC heap before
{Heap before GC invocations=19 (full 0):
 garbage-first heap   total 227328K, used 172695K [0x0000000081600000, 0x0000000100000000)
  region size 1024K, 131 young (134144K), 9 survivors (9216K)
 Metaspace       used 76437K, capacity 78650K, committed 78876K, reserved 1118208K
  class space    used 9899K, capacity 10786K, committed 10824K, reserved 1048576K
}
Event: 17968.388 GC heap after
{Heap after GC invocations=20 (full 0):
 garbage-first heap   total 227328K, used 47395K [0x0000000081600000, 0x0000000100000000)
  region size 1024K, 8 young (8192K), 8 survivors (8192K)
 Metaspace       used 76437K, capacity 78650K, committed 78876K, reserved 1118208K
  class space    used 9899K, capacity 10786K, committed 10824K, reserved 1048576K
}

