# JRE version: OpenJDK Runtime Environment (11.0.6+8) (build 11.0.6+8-b520.43)
# Java VM: OpenJDK 64-Bit Server VM (11.0.6+8-b520.43, mixed mode, sharing, tiered, compressed oops, g1 gc, windows-amd64)
Heap:
 garbage-first heap   total 157696K, used 31129K [0x0000000081600000, 0x0000000100000000)
  region size 1024K, 25 young (25600K), 5 survivors (5120K)
 Metaspace       used 22439K, capacity 23334K, committed 23420K, reserved 1069056K
  class space    used 2801K, capacity 3119K, committed 3196K, reserved 1048576K
GC Heap History (10 events):
Event: 1.663 GC heap before
{Heap before GC invocations=0 (full 0):
 garbage-first heap   total 131072K, used 24576K [0x0000000081600000, 0x0000000100000000)
  region size 1024K, 24 young (24576K), 0 survivors (0K)
 Metaspace       used 4207K, capacity 6506K, committed 6656K, reserved 1056768K
  class space    used 446K, capacity 680K, committed 768K, reserved 1048576K
}
Event: 1.676 GC heap after
{Heap after GC invocations=1 (full 0):
 garbage-first heap   total 131072K, used 6638K [0x0000000081600000, 0x0000000100000000)
  region size 1024K, 3 young (3072K), 3 survivors (3072K)
 Metaspace       used 4207K, capacity 6506K, committed 6656K, reserved 1056768K
  class space    used 446K, capacity 680K, committed 768K, reserved 1048576K
}
Event: 1.943 GC heap before
{Heap before GC invocations=1 (full 0):
 garbage-first heap   total 131072K, used 46574K [0x0000000081600000, 0x0000000100000000)
  region size 1024K, 43 young (44032K), 3 survivors (3072K)
 Metaspace       used 4808K, capacity 6694K, committed 6912K, reserved 1056768K
  class space    used 517K, capacity 701K, committed 768K, reserved 1048576K
}
Event: 1.951 GC heap after
{Heap after GC invocations=2 (full 0):
 garbage-first heap   total 131072K, used 6892K [0x0000000081600000, 0x0000000100000000)
  region size 1024K, 4 young (4096K), 4 survivors (4096K)
 Metaspace       used 4808K, capacity 6694K, committed 6912K, reserved 1056768K
  class space    used 517K, capacity 701K, committed 768K, reserved 1048576K
}
Event: 3.661 GC heap before
{Heap before GC invocations=2 (full 0):
 garbage-first heap   total 131072K, used 61164K [0x0000000081600000, 0x0000000100000000)
  region size 1024K, 57 young (58368K), 4 survivors (4096K)
 Metaspace       used 13945K, capacity 14426K, committed 14592K, reserved 1062912K
  class space    used 1707K, capacity 1935K, committed 2048K, reserved 1048576K
}
Event: 3.682 GC heap after
{Heap after GC invocations=3 (full 0):
 garbage-first heap   total 131072K, used 9001K [0x0000000081600000, 0x0000000100000000)
  region size 1024K, 6 young (6144K), 6 survivors (6144K)
 Metaspace       used 13945K, capacity 14426K, committed 14592K, reserved 1062912K
  class space    used 1707K, capacity 1935K, committed 2048K, reserved 1048576K
}
Event: 4.601 GC heap before
{Heap before GC invocations=3 (full 0):
 garbage-first heap   total 131072K, used 79657K [0x0000000081600000, 0x0000000100000000)
  region size 1024K, 76 young (77824K), 6 survivors (6144K)
 Metaspace       used 17539K, capacity 18164K, committed 18304K, reserved 1064960K
  class space    used 2160K, capacity 2431K, committed 2432K, reserved 1048576K
}
Event: 4.613 GC heap after
{Heap after GC invocations=4 (full 0):
 garbage-first heap   total 131072K, used 10621K [0x0000000081600000, 0x0000000100000000)
  region size 1024K, 4 young (4096K), 4 survivors (4096K)
 Metaspace       used 17539K, capacity 18164K, committed 18304K, reserved 1064960K
  class space    used 2160K, capacity 2431K, committed 2432K, reserved 1048576K
}
Event: 5.881 GC heap before
{Heap before GC invocations=4 (full 0):
 garbage-first heap   total 131072K, used 46461K [0x0000000081600000, 0x0000000100000000)
  region size 1024K, 40 young (40960K), 4 survivors (4096K)
 Metaspace       used 20409K, capacity 21193K, committed 21248K, reserved 1067008K
  class space    used 2518K, capacity 2815K, committed 2816K, reserved 1048576K
}
Event: 5.896 GC heap after
{Heap after GC invocations=5 (full 0):
 garbage-first heap   total 157696K, used 11673K [0x0000000081600000, 0x0000000100000000)
  region size 1024K, 5 young (5120K), 5 survivors (5120K)
 Metaspace       used 20409K, capacity 21193K, committed 21248K, reserved 1067008K
  class space    used 2518K, capacity 2815K, committed 2816K, reserved 1048576K
}

