# JRE version: OpenJDK Runtime Environment (11.0.6+8) (build 11.0.6+8-b520.43)
# Java VM: OpenJDK 64-Bit Server VM (11.0.6+8-b520.43, mixed mode, sharing, tiered, compressed oops, g1 gc, windows-amd64)
Heap:
 garbage-first heap   total 227328K, used 56397K [0x0000000081600000, 0x0000000100000000)
  region size 1024K, 18 young (18432K), 6 survivors (6144K)
 Metaspace       used 73938K, capacity 75984K, committed 76124K, reserved 1116160K
  class space    used 9570K, capacity 10374K, committed 10444K, reserved 1048576K
GC Heap History (20 events):
Event: 4.667 GC heap before
{Heap before GC invocations=5 (full 0):
 garbage-first heap   total 157696K, used 51708K [0x0000000081600000, 0x0000000100000000)
  region size 1024K, 41 young (41984K), 5 survivors (5120K)
 Metaspace       used 20391K, capacity 21177K, committed 21248K, reserved 1067008K
  class space    used 2490K, capacity 2788K, committed 2816K, reserved 1048576K
}
Event: 4.680 GC heap after
{Heap after GC invocations=6 (full 0):
 garbage-first heap   total 157696K, used 16885K [0x0000000081600000, 0x0000000100000000)
  region size 1024K, 6 young (6144K), 6 survivors (6144K)
 Metaspace       used 20391K, capacity 21177K, committed 21248K, reserved 1067008K
  class space    used 2490K, capacity 2788K, committed 2816K, reserved 1048576K
}
Event: 6.656 GC heap before
{Heap before GC invocations=7 (full 0):
 garbage-first heap   total 157696K, used 94709K [0x0000000081600000, 0x0000000100000000)
  region size 1024K, 83 young (84992K), 6 survivors (6144K)
 Metaspace       used 27881K, capacity 28999K, committed 29052K, reserved 1075200K
  class space    used 3508K, capacity 3936K, committed 3968K, reserved 1048576K
}
Event: 6.669 GC heap after
{Heap after GC invocations=8 (full 0):
 garbage-first heap   total 157696K, used 20598K [0x0000000081600000, 0x0000000100000000)
  region size 1024K, 9 young (9216K), 9 survivors (9216K)
 Metaspace       used 27881K, capacity 28999K, committed 29052K, reserved 1075200K
  class space    used 3508K, capacity 3936K, committed 3968K, reserved 1048576K
}
Event: 7.052 GC heap before
{Heap before GC invocations=8 (full 0):
 garbage-first heap   total 157696K, used 104566K [0x0000000081600000, 0x0000000100000000)
  region size 1024K, 92 young (94208K), 9 survivors (9216K)
 Metaspace       used 28668K, capacity 29826K, committed 29948K, reserved 1075200K
  class space    used 3581K, capacity 4041K, committed 4096K, reserved 1048576K
}
Event: 7.066 GC heap after
{Heap after GC invocations=9 (full 0):
 garbage-first heap   total 157696K, used 21165K [0x0000000081600000, 0x0000000100000000)
  region size 1024K, 7 young (7168K), 7 survivors (7168K)
 Metaspace       used 28668K, capacity 29826K, committed 29948K, reserved 1075200K
  class space    used 3581K, capacity 4041K, committed 4096K, reserved 1048576K
}
Event: 8.061 GC heap before
{Heap before GC invocations=9 (full 0):
 garbage-first heap   total 157696K, used 55981K [0x0000000081600000, 0x0000000100000000)
  region size 1024K, 42 young (43008K), 7 survivors (7168K)
 Metaspace       used 34712K, capacity 35953K, committed 36048K, reserved 1081344K
  class space    used 4323K, capacity 4826K, committed 4864K, reserved 1048576K
}
Event: 8.075 GC heap after
{Heap after GC invocations=10 (full 0):
 garbage-first heap   total 189440K, used 24131K [0x0000000081600000, 0x0000000100000000)
  region size 1024K, 9 young (9216K), 9 survivors (9216K)
 Metaspace       used 34712K, capacity 35953K, committed 36048K, reserved 1081344K
  class space    used 4323K, capacity 4826K, committed 4864K, reserved 1048576K
}
Event: 10.523 GC heap before
{Heap before GC invocations=11 (full 0):
 garbage-first heap   total 189440K, used 128579K [0x0000000081600000, 0x0000000100000000)
  region size 1024K, 111 young (113664K), 9 survivors (9216K)
 Metaspace       used 51837K, capacity 53286K, committed 53532K, reserved 1095680K
  class space    used 6888K, capacity 7432K, committed 7500K, reserved 1048576K
}
Event: 10.539 GC heap after
{Heap after GC invocations=12 (full 0):
 garbage-first heap   total 189440K, used 30219K [0x0000000081600000, 0x0000000100000000)
  region size 1024K, 14 young (14336K), 14 survivors (14336K)
 Metaspace       used 51837K, capacity 53286K, committed 53532K, reserved 1095680K
  class space    used 6888K, capacity 7432K, committed 7500K, reserved 1048576K
}
Event: 11.836 GC heap before
{Heap before GC invocations=12 (full 0):
 garbage-first heap   total 189440K, used 96779K [0x0000000081600000, 0x0000000100000000)
  region size 1024K, 80 young (81920K), 14 survivors (14336K)
 Metaspace       used 59005K, capacity 60580K, committed 60636K, reserved 1101824K
  class space    used 7820K, capacity 8468K, committed 8524K, reserved 1048576K
}
Event: 11.866 GC heap after
{Heap after GC invocations=13 (full 0):
 garbage-first heap   total 189440K, used 34434K [0x0000000081600000, 0x0000000100000000)
  region size 1024K, 11 young (11264K), 11 survivors (11264K)
 Metaspace       used 59005K, capacity 60580K, committed 60636K, reserved 1101824K
  class space    used 7820K, capacity 8468K, committed 8524K, reserved 1048576K
}
Event: 13.749 GC heap before
{Heap before GC invocations=14 (full 0):
 garbage-first heap   total 189440K, used 137858K [0x0000000081600000, 0x0000000100000000)
  region size 1024K, 111 young (113664K), 11 survivors (11264K)
 Metaspace       used 65514K, capacity 67437K, committed 67804K, reserved 1107968K
  class space    used 8655K, capacity 9411K, committed 9548K, reserved 1048576K
}
Event: 13.802 GC heap after
{Heap after GC invocations=15 (full 0):
 garbage-first heap   total 189440K, used 44966K [0x0000000081600000, 0x0000000100000000)
  region size 1024K, 14 young (14336K), 14 survivors (14336K)
 Metaspace       used 65514K, capacity 67437K, committed 67804K, reserved 1107968K
  class space    used 8655K, capacity 9411K, committed 9548K, reserved 1048576K
}
Event: 14.246 GC heap before
{Heap before GC invocations=16 (full 0):
 garbage-first heap   total 189440K, used 144294K [0x0000000081600000, 0x0000000100000000)
  region size 1024K, 111 young (113664K), 14 survivors (14336K)
 Metaspace       used 65703K, capacity 67638K, committed 67804K, reserved 1107968K
  class space    used 8669K, capacity 9414K, committed 9548K, reserved 1048576K
}
Event: 14.269 GC heap after
{Heap after GC invocations=17 (full 0):
 garbage-first heap   total 227328K, used 49449K [0x0000000081600000, 0x0000000100000000)
  region size 1024K, 11 young (11264K), 11 survivors (11264K)
 Metaspace       used 65703K, capacity 67638K, committed 67804K, reserved 1107968K
  class space    used 8669K, capacity 9414K, committed 9548K, reserved 1048576K
}
Event: 136.349 GC heap before
{Heap before GC invocations=17 (full 0):
 garbage-first heap   total 227328K, used 163113K [0x0000000081600000, 0x0000000100000000)
  region size 1024K, 122 young (124928K), 11 survivors (11264K)
 Metaspace       used 73614K, capacity 75708K, committed 75868K, reserved 1114112K
  class space    used 9568K, capacity 10370K, committed 10444K, reserved 1048576K
}
Event: 136.362 GC heap after
{Heap after GC invocations=18 (full 0):
 garbage-first heap   total 227328K, used 45641K [0x0000000081600000, 0x0000000100000000)
  region size 1024K, 6 young (6144K), 6 survivors (6144K)
 Metaspace       used 73614K, capacity 75708K, committed 75868K, reserved 1114112K
  class space    used 9568K, capacity 10370K, committed 10444K, reserved 1048576K
}
Event: 835.201 GC heap before
{Heap before GC invocations=18 (full 0):
 garbage-first heap   total 227328K, used 175689K [0x0000000081600000, 0x0000000100000000)
  region size 1024K, 133 young (136192K), 6 survivors (6144K)
 Metaspace       used 73868K, capacity 75914K, committed 76124K, reserved 1116160K
  class space    used 9569K, capacity 10372K, committed 10444K, reserved 1048576K
}
Event: 835.214 GC heap after
{Heap after GC invocations=19 (full 0):
 garbage-first heap   total 227328K, used 45133K [0x0000000081600000, 0x0000000100000000)
  region size 1024K, 6 young (6144K), 6 survivors (6144K)
 Metaspace       used 73868K, capacity 75914K, committed 76124K, reserved 1116160K
  class space    used 9569K, capacity 10372K, committed 10444K, reserved 1048576K
}

